build/app/intermediates/manifest_merge_blame_file/debug/manifest-merger-blame-debug-report.txt
1<?xml version="1.0" encoding="utf-8"?>
2<manifest xmlns:android="http://schemas.android.com/apk/res/android"
3    package="com.example.igdtuw_chat"
4    android:versionCode="1"
5    android:versionName="1.0.0" >
6
7    <uses-sdk
8        android:minSdkVersion="19"
9        android:targetSdkVersion="29" />
10    <!--
11         Flutter needs it to communicate with the running application
12         to allow setting breakpoints, to provide hot reload, etc.
13    -->
14    <uses-permission android:name="android.permission.INTERNET" />
14-->src/debug/AndroidManifest.xml:6:5-66
14-->src/debug/AndroidManifest.xml:6:22-64
15    <uses-permission android:name="android.permission.ACCESS_NETWORK_STATE" />
15-->[com.google.firebase:firebase-auth:20.0.4] AndroidManifest.xml:24:5-79
15-->[com.google.firebase:firebase-auth:20.0.4] AndroidManifest.xml:24:22-76
16    <uses-permission android:name="android.permission.WAKE_LOCK" />
16-->[com.google.android.gms:play-services-measurement-api:18.0.3] AndroidManifest.xml:24:5-68
16-->[com.google.android.gms:play-services-measurement-api:18.0.3] AndroidManifest.xml:24:22-65
17    <uses-permission android:name="com.google.android.finsky.permission.BIND_GET_INSTALL_REFERRER_SERVICE" />
17-->[com.google.android.gms:play-services-measurement:18.0.3] AndroidManifest.xml:26:5-110
17-->[com.google.android.gms:play-services-measurement:18.0.3] AndroidManifest.xml:26:22-107
18    <!--
19 io.flutter.app.FlutterApplication is an android.app.Application that
20         calls FlutterMain.startInitialization(this); in its onCreate method.
21         In most cases you can leave this as-is, but you if you want to provide
22         additional functionality it is fine to subclass or reimplement
23         FlutterApplication and put your custom class here.
24    -->
25    <application
25-->src/main/AndroidManifest.xml:8:5-46:19
26        android:name="io.flutter.app.FlutterApplication"
26-->src/main/AndroidManifest.xml:9:9-57
27        android:appComponentFactory="androidx.core.app.CoreComponentFactory"
27-->[androidx.core:core:1.1.0] AndroidManifest.xml:24:18-86
28        android:debuggable="true"
29        android:icon="@mipmap/ic_launcher"
29-->src/main/AndroidManifest.xml:11:9-43
30        android:label="igdtuw_chat" >
30-->src/main/AndroidManifest.xml:10:9-36
31        <activity
31-->src/main/AndroidManifest.xml:12:9-40:20
32            android:name="com.example.igdtuw_chat.MainActivity"
32-->src/main/AndroidManifest.xml:13:13-41
33            android:configChanges="orientation|keyboardHidden|keyboard|screenSize|smallestScreenSize|locale|layoutDirection|fontScale|screenLayout|density|uiMode"
33-->src/main/AndroidManifest.xml:16:13-163
34            android:hardwareAccelerated="true"
34-->src/main/AndroidManifest.xml:17:13-47
35            android:launchMode="singleTop"
35-->src/main/AndroidManifest.xml:14:13-43
36            android:theme="@style/LaunchTheme"
36-->src/main/AndroidManifest.xml:15:13-47
37            android:windowSoftInputMode="adjustResize" >
37-->src/main/AndroidManifest.xml:18:13-55
38
39            <!--
40                 Specifies an Android theme to apply to this Activity as soon as
41                 the Android process has started. This theme is visible to the user
42                 while the Flutter UI initializes. After that, this theme continues
43                 to determine the Window background behind the Flutter UI.
44            -->
45            <meta-data
45-->src/main/AndroidManifest.xml:23:13-26:17
46                android:name="io.flutter.embedding.android.NormalTheme"
46-->src/main/AndroidManifest.xml:24:15-70
47                android:resource="@style/NormalTheme" />
47-->src/main/AndroidManifest.xml:25:15-52
48            <!--
49                 Displays an Android View that continues showing the launch screen
50                 Drawable until Flutter paints its first frame, then this splash
51                 screen fades out. A splash screen is useful to avoid any visual
52                 gap between the end of Android's launch screen and the painting of
53                 Flutter's first frame.
54            -->
55            <meta-data
55-->src/main/AndroidManifest.xml:32:13-35:17
56                android:name="io.flutter.embedding.android.SplashScreenDrawable"
56-->src/main/AndroidManifest.xml:33:15-79
57                android:resource="@drawable/launch_background" />
57-->src/main/AndroidManifest.xml:34:15-61
58
59            <intent-filter>
59-->src/main/AndroidManifest.xml:36:13-39:29
60                <action android:name="android.intent.action.MAIN" />
60-->src/main/AndroidManifest.xml:37:17-68
60-->src/main/AndroidManifest.xml:37:25-66
61
62                <category android:name="android.intent.category.LAUNCHER" />
62-->src/main/AndroidManifest.xml:38:17-76
62-->src/main/AndroidManifest.xml:38:27-74
63            </intent-filter>
64        </activity>
65        <!--
66             Don't delete the meta-data below.
67             This is used by the Flutter tool to generate GeneratedPluginRegistrant.java
68        -->
69        <meta-data
69-->src/main/AndroidManifest.xml:43:9-45:33
70            android:name="flutterEmbedding"
70-->src/main/AndroidManifest.xml:44:13-44
71            android:value="2" />
71-->src/main/AndroidManifest.xml:45:13-30
72
73        <service
73-->[:firebase_auth] AndroidManifest.xml:8:9-12:19
74            android:name="com.google.firebase.components.ComponentDiscoveryService"
74-->[:firebase_auth] AndroidManifest.xml:8:18-89
75            android:directBootAware="true"
75-->[com.google.firebase:firebase-common:19.5.0] AndroidManifest.xml:35:13-43
76            android:exported="false" >
76-->[com.google.firebase:firebase-analytics-ktx:18.0.3] AndroidManifest.xml:10:13-37
77            <meta-data
77-->[:firebase_auth] AndroidManifest.xml:9:13-11:85
78                android:name="com.google.firebase.components:io.flutter.plugins.firebaseauth.FlutterFirebaseAppRegistrar"
78-->[:firebase_auth] AndroidManifest.xml:10:17-122
79                android:value="com.google.firebase.components.ComponentRegistrar" />
79-->[:firebase_auth] AndroidManifest.xml:11:17-82
80            <meta-data
80-->[:cloud_firestore] AndroidManifest.xml:9:13-11:85
81                android:name="com.google.firebase.components:io.flutter.plugins.firebase.cloudfirestore.FlutterFirebaseAppRegistrar"
81-->[:cloud_firestore] AndroidManifest.xml:10:17-133
82                android:value="com.google.firebase.components.ComponentRegistrar" />
82-->[:cloud_firestore] AndroidManifest.xml:11:17-82
83            <meta-data
83-->[:firebase_core] AndroidManifest.xml:9:13-11:85
84                android:name="com.google.firebase.components:io.flutter.plugins.firebase.core.FlutterFirebaseAppRegistrar"
84-->[:firebase_core] AndroidManifest.xml:10:17-123
85                android:value="com.google.firebase.components.ComponentRegistrar" />
85-->[:firebase_core] AndroidManifest.xml:11:17-82
86            <meta-data
86-->[com.google.firebase:firebase-analytics-ktx:18.0.3] AndroidManifest.xml:11:13-13:85
87                android:name="com.google.firebase.components:com.google.firebase.analytics.ktx.FirebaseAnalyticsKtxRegistrar"
87-->[com.google.firebase:firebase-analytics-ktx:18.0.3] AndroidManifest.xml:12:17-126
88                android:value="com.google.firebase.components.ComponentRegistrar" />
88-->[com.google.firebase:firebase-analytics-ktx:18.0.3] AndroidManifest.xml:13:17-82
89            <meta-data
89-->[com.google.firebase:firebase-common-ktx:19.5.0] AndroidManifest.xml:15:13-17:85
90                android:name="com.google.firebase.components:com.google.firebase.ktx.FirebaseCommonKtxRegistrar"
90-->[com.google.firebase:firebase-common-ktx:19.5.0] AndroidManifest.xml:16:17-113
91                android:value="com.google.firebase.components.ComponentRegistrar" />
91-->[com.google.firebase:firebase-common-ktx:19.5.0] AndroidManifest.xml:17:17-82
92            <meta-data
92-->[com.google.firebase:firebase-auth:20.0.4] AndroidManifest.xml:77:13-79:85
93                android:name="com.google.firebase.components:com.google.firebase.auth.FirebaseAuthRegistrar"
93-->[com.google.firebase:firebase-auth:20.0.4] AndroidManifest.xml:78:17-109
94                android:value="com.google.firebase.components.ComponentRegistrar" />
94-->[com.google.firebase:firebase-auth:20.0.4] AndroidManifest.xml:79:17-82
95            <meta-data
95-->[com.google.firebase:firebase-firestore:22.1.2] AndroidManifest.xml:20:13-22:85
96                android:name="com.google.firebase.components:com.google.firebase.firestore.FirestoreRegistrar"
96-->[com.google.firebase:firebase-firestore:22.1.2] AndroidManifest.xml:21:17-111
97                android:value="com.google.firebase.components.ComponentRegistrar" />
97-->[com.google.firebase:firebase-firestore:22.1.2] AndroidManifest.xml:22:17-82
98            <meta-data
98-->[com.google.android.gms:play-services-measurement-api:18.0.3] AndroidManifest.xml:30:13-32:85
99                android:name="com.google.firebase.components:com.google.firebase.analytics.connector.internal.AnalyticsConnectorRegistrar"
99-->[com.google.android.gms:play-services-measurement-api:18.0.3] AndroidManifest.xml:31:17-139
100                android:value="com.google.firebase.components.ComponentRegistrar" />
100-->[com.google.android.gms:play-services-measurement-api:18.0.3] AndroidManifest.xml:32:17-82
101            <meta-data
101-->[com.google.firebase:firebase-installations:16.3.5] AndroidManifest.xml:18:13-20:85
102                android:name="com.google.firebase.components:com.google.firebase.installations.FirebaseInstallationsRegistrar"
102-->[com.google.firebase:firebase-installations:16.3.5] AndroidManifest.xml:19:17-127
103                android:value="com.google.firebase.components.ComponentRegistrar" />
103-->[com.google.firebase:firebase-installations:16.3.5] AndroidManifest.xml:20:17-82
104            <!--
105                This registrar is not defined in the dynamic-module-support sdk itself to allow non-firebase
106                clients to use it as well, by defining this registrar in their own core/common library.
107            -->
108            <meta-data
108-->[com.google.firebase:firebase-common:19.5.0] AndroidManifest.xml:43:13-45:85
109                android:name="com.google.firebase.components:com.google.firebase.dynamicloading.DynamicLoadingRegistrar"
109-->[com.google.firebase:firebase-common:19.5.0] AndroidManifest.xml:44:17-121
110                android:value="com.google.firebase.components.ComponentRegistrar" />
110-->[com.google.firebase:firebase-common:19.5.0] AndroidManifest.xml:45:17-82
111        </service>
112
113        <activity
113-->[com.google.firebase:firebase-auth:20.0.4] AndroidManifest.xml:27:9-44:20
114            android:name="com.google.firebase.auth.internal.GenericIdpActivity"
114-->[com.google.firebase:firebase-auth:20.0.4] AndroidManifest.xml:28:13-80
115            android:excludeFromRecents="true"
115-->[com.google.firebase:firebase-auth:20.0.4] AndroidManifest.xml:29:13-46
116            android:exported="true"
116-->[com.google.firebase:firebase-auth:20.0.4] AndroidManifest.xml:30:13-36
117            android:launchMode="singleTask"
117-->[com.google.firebase:firebase-auth:20.0.4] AndroidManifest.xml:31:13-44
118            android:theme="@android:style/Theme.Translucent.NoTitleBar" >
118-->[com.google.firebase:firebase-auth:20.0.4] AndroidManifest.xml:32:13-72
119            <intent-filter>
119-->[com.google.firebase:firebase-auth:20.0.4] AndroidManifest.xml:33:13-43:29
120                <action android:name="android.intent.action.VIEW" />
120-->[com.google.firebase:firebase-auth:20.0.4] AndroidManifest.xml:34:17-69
120-->[com.google.firebase:firebase-auth:20.0.4] AndroidManifest.xml:34:25-66
121
122                <category android:name="android.intent.category.DEFAULT" />
122-->[com.google.firebase:firebase-auth:20.0.4] AndroidManifest.xml:36:17-76
122-->[com.google.firebase:firebase-auth:20.0.4] AndroidManifest.xml:36:27-73
123                <category android:name="android.intent.category.BROWSABLE" />
123-->[com.google.firebase:firebase-auth:20.0.4] AndroidManifest.xml:37:17-78
123-->[com.google.firebase:firebase-auth:20.0.4] AndroidManifest.xml:37:27-75
124
125                <data
125-->[com.google.firebase:firebase-auth:20.0.4] AndroidManifest.xml:39:17-42:51
126                    android:host="firebase.auth"
126-->[com.google.firebase:firebase-auth:20.0.4] AndroidManifest.xml:40:21-49
127                    android:path="/"
127-->[com.google.firebase:firebase-auth:20.0.4] AndroidManifest.xml:41:21-37
128                    android:scheme="genericidp" />
128-->[com.google.firebase:firebase-auth:20.0.4] AndroidManifest.xml:42:21-48
129            </intent-filter>
130        </activity>
131        <activity
131-->[com.google.firebase:firebase-auth:20.0.4] AndroidManifest.xml:45:9-62:20
132            android:name="com.google.firebase.auth.internal.RecaptchaActivity"
132-->[com.google.firebase:firebase-auth:20.0.4] AndroidManifest.xml:46:13-79
133            android:excludeFromRecents="true"
133-->[com.google.firebase:firebase-auth:20.0.4] AndroidManifest.xml:47:13-46
134            android:exported="true"
134-->[com.google.firebase:firebase-auth:20.0.4] AndroidManifest.xml:48:13-36
135            android:launchMode="singleTask"
135-->[com.google.firebase:firebase-auth:20.0.4] AndroidManifest.xml:49:13-44
136            android:theme="@android:style/Theme.Translucent.NoTitleBar" >
136-->[com.google.firebase:firebase-auth:20.0.4] AndroidManifest.xml:50:13-72
137            <intent-filter>
137-->[com.google.firebase:firebase-auth:20.0.4] AndroidManifest.xml:51:13-61:29
138                <action android:name="android.intent.action.VIEW" />
138-->[com.google.firebase:firebase-auth:20.0.4] AndroidManifest.xml:34:17-69
138-->[com.google.firebase:firebase-auth:20.0.4] AndroidManifest.xml:34:25-66
139
140                <category android:name="android.intent.category.DEFAULT" />
140-->[com.google.firebase:firebase-auth:20.0.4] AndroidManifest.xml:36:17-76
140-->[com.google.firebase:firebase-auth:20.0.4] AndroidManifest.xml:36:27-73
141                <category android:name="android.intent.category.BROWSABLE" />
141-->[com.google.firebase:firebase-auth:20.0.4] AndroidManifest.xml:37:17-78
141-->[com.google.firebase:firebase-auth:20.0.4] AndroidManifest.xml:37:27-75
142
143                <data
143-->[com.google.firebase:firebase-auth:20.0.4] AndroidManifest.xml:39:17-42:51
144                    android:host="firebase.auth"
144-->[com.google.firebase:firebase-auth:20.0.4] AndroidManifest.xml:40:21-49
145                    android:path="/"
145-->[com.google.firebase:firebase-auth:20.0.4] AndroidManifest.xml:41:21-37
146                    android:scheme="recaptcha" />
146-->[com.google.firebase:firebase-auth:20.0.4] AndroidManifest.xml:42:21-48
147            </intent-filter>
148        </activity>
149
150        <service
150-->[com.google.firebase:firebase-auth:20.0.4] AndroidManifest.xml:64:9-73:19
151            android:name="com.google.firebase.auth.api.fallback.service.FirebaseAuthFallbackService"
151-->[com.google.firebase:firebase-auth:20.0.4] AndroidManifest.xml:65:13-101
152            android:enabled="true"
152-->[com.google.firebase:firebase-auth:20.0.4] AndroidManifest.xml:66:13-35
153            android:exported="false" >
153-->[com.google.firebase:firebase-auth:20.0.4] AndroidManifest.xml:67:13-37
154            <intent-filter>
154-->[com.google.firebase:firebase-auth:20.0.4] AndroidManifest.xml:68:13-72:29
155                <action android:name="com.google.firebase.auth.api.gms.service.START" />
155-->[com.google.firebase:firebase-auth:20.0.4] AndroidManifest.xml:69:17-89
155-->[com.google.firebase:firebase-auth:20.0.4] AndroidManifest.xml:69:25-86
156
157                <category android:name="android.intent.category.DEFAULT" />
157-->[com.google.firebase:firebase-auth:20.0.4] AndroidManifest.xml:36:17-76
157-->[com.google.firebase:firebase-auth:20.0.4] AndroidManifest.xml:36:27-73
158            </intent-filter>
159        </service>
160
161        <activity
161-->[com.google.android.gms:play-services-auth:16.0.1] AndroidManifest.xml:23:9-27:75
162            android:name="com.google.android.gms.auth.api.signin.internal.SignInHubActivity"
162-->[com.google.android.gms:play-services-auth:16.0.1] AndroidManifest.xml:24:13-93
163            android:excludeFromRecents="true"
163-->[com.google.android.gms:play-services-auth:16.0.1] AndroidManifest.xml:25:13-46
164            android:exported="false"
164-->[com.google.android.gms:play-services-auth:16.0.1] AndroidManifest.xml:26:13-37
165            android:theme="@android:style/Theme.Translucent.NoTitleBar" />
165-->[com.google.android.gms:play-services-auth:16.0.1] AndroidManifest.xml:27:13-72
166        <!--
167            Service handling Google Sign-In user revocation. For apps that do not integrate with
168            Google Sign-In, this service will never be started.
169        -->
170        <service
170-->[com.google.android.gms:play-services-auth:16.0.1] AndroidManifest.xml:33:9-36:110
171            android:name="com.google.android.gms.auth.api.signin.RevocationBoundService"
171-->[com.google.android.gms:play-services-auth:16.0.1] AndroidManifest.xml:34:13-89
172            android:exported="true"
172-->[com.google.android.gms:play-services-auth:16.0.1] AndroidManifest.xml:35:13-36
173            android:permission="com.google.android.gms.auth.api.signin.permission.REVOCATION_NOTIFICATION" />
173-->[com.google.android.gms:play-services-auth:16.0.1] AndroidManifest.xml:36:13-107
174
175        <activity
175-->[com.google.android.gms:play-services-base:17.1.0] AndroidManifest.xml:23:9-26:75
176            android:name="com.google.android.gms.common.api.GoogleApiActivity"
176-->[com.google.android.gms:play-services-base:17.1.0] AndroidManifest.xml:24:13-79
177            android:exported="false"
177-->[com.google.android.gms:play-services-base:17.1.0] AndroidManifest.xml:25:13-37
178            android:theme="@android:style/Theme.Translucent.NoTitleBar" />
178-->[com.google.android.gms:play-services-base:17.1.0] AndroidManifest.xml:26:13-72
179
180        <provider
180-->[com.google.firebase:firebase-common:19.5.0] AndroidManifest.xml:26:9-31:39
181            android:name="com.google.firebase.provider.FirebaseInitProvider"
181-->[com.google.firebase:firebase-common:19.5.0] AndroidManifest.xml:27:13-77
182            android:authorities="com.example.igdtuw_chat.firebaseinitprovider"
182-->[com.google.firebase:firebase-common:19.5.0] AndroidManifest.xml:28:13-72
183            android:directBootAware="true"
183-->[com.google.firebase:firebase-common:19.5.0] AndroidManifest.xml:29:13-43
184            android:exported="false"
184-->[com.google.firebase:firebase-common:19.5.0] AndroidManifest.xml:30:13-37
185            android:initOrder="100" />
185-->[com.google.firebase:firebase-common:19.5.0] AndroidManifest.xml:31:13-36
186
187        <receiver
187-->[com.google.android.gms:play-services-measurement:18.0.3] AndroidManifest.xml:29:9-33:20
188            android:name="com.google.android.gms.measurement.AppMeasurementReceiver"
188-->[com.google.android.gms:play-services-measurement:18.0.3] AndroidManifest.xml:30:13-85
189            android:enabled="true"
189-->[com.google.android.gms:play-services-measurement:18.0.3] AndroidManifest.xml:31:13-35
190            android:exported="false" >
190-->[com.google.android.gms:play-services-measurement:18.0.3] AndroidManifest.xml:32:13-37
191        </receiver>
192
193        <service
193-->[com.google.android.gms:play-services-measurement:18.0.3] AndroidManifest.xml:35:9-38:40
194            android:name="com.google.android.gms.measurement.AppMeasurementService"
194-->[com.google.android.gms:play-services-measurement:18.0.3] AndroidManifest.xml:36:13-84
195            android:enabled="true"
195-->[com.google.android.gms:play-services-measurement:18.0.3] AndroidManifest.xml:37:13-35
196            android:exported="false" />
196-->[com.google.android.gms:play-services-measurement:18.0.3] AndroidManifest.xml:38:13-37
197        <service
197-->[com.google.android.gms:play-services-measurement:18.0.3] AndroidManifest.xml:39:9-43:72
198            android:name="com.google.android.gms.measurement.AppMeasurementJobService"
198-->[com.google.android.gms:play-services-measurement:18.0.3] AndroidManifest.xml:40:13-87
199            android:enabled="true"
199-->[com.google.android.gms:play-services-measurement:18.0.3] AndroidManifest.xml:41:13-35
200            android:exported="false"
200-->[com.google.android.gms:play-services-measurement:18.0.3] AndroidManifest.xml:42:13-37
201            android:permission="android.permission.BIND_JOB_SERVICE" />
201-->[com.google.android.gms:play-services-measurement:18.0.3] AndroidManifest.xml:43:13-69
202
203        <meta-data
203-->[com.google.android.gms:play-services-basement:17.1.0] AndroidManifest.xml:23:9-25:69
204            android:name="com.google.android.gms.version"
204-->[com.google.android.gms:play-services-basement:17.1.0] AndroidManifest.xml:24:13-58
205            android:value="@integer/google_play_services_version" />
205-->[com.google.android.gms:play-services-basement:17.1.0] AndroidManifest.xml:25:13-66
206    </application>
207
208</manifest>